#
# There is insufficient memory for the Java Runtime Environment to continue.
# Native memory allocation (malloc) failed to allocate 1048576 bytes for AllocateHeap
# Possible reasons:
#   The system is out of physical RAM or swap space
#   In 32 bit mode, the process size limit was hit
# Possible solutions:
#   Reduce memory load on the system
#   Increase physical memory or swap space
#   Check if swap backing store is full
#   Use 64 bit Java on a 64 bit OS
#   Decrease Java heap size (-Xmx/-Xms)
#   Decrease number of Java threads
#   Decrease Java thread stack sizes (-Xss)
#   Set larger code cache with -XX:ReservedCodeCacheSize=
# This output file may be truncated or incomplete.
#
#  Out of Memory Error (memory/allocation.inline.hpp:61), pid=4256, tid=0x0000000000002b3c
#
# JRE version:  (8.0_171-b11) (build )
# Java VM: Java HotSpot(TM) 64-Bit Server VM (25.171-b11 mixed mode windows-amd64 compressed oops)
# Failed to write core dump. Minidumps are not enabled by default on client versions of Windows
#

---------------  T H R E A D  ---------------

Current thread (0x00000000030f3800):  JavaThread "Unknown thread" [_thread_in_vm, id=11068, stack(0x0000000002df0000,0x0000000002ef0000)]

Stack: [0x0000000002df0000,0x0000000002ef0000]
[error occurred during error reporting (printing stack bounds), id 0xc0000005]

Native frames: (J=compiled Java code, j=interpreted, Vv=VM code, C=native code)


---------------  P R O C E S S  ---------------

Java Threads: ( => current thread )

Other Threads:

=>0x00000000030f3800 (exited) JavaThread "Unknown thread" [_thread_in_vm, id=11068, stack(0x0000000002df0000,0x0000000002ef0000)]

VM state:not at safepoint (normal execution)

VM Mutex/Monitor currently owned by a thread: None

Heap:
 PSYoungGen      total 38400K, used 665K [0x00000000d5e00000, 0x00000000d8880000, 0x0000000100000000)
  eden space 33280K, 2% used [0x00000000d5e00000,0x00000000d5ea6670,0x00000000d7e80000)
  from space 5120K, 0% used [0x00000000d8380000,0x00000000d8380000,0x00000000d8880000)
  to   space 5120K, 0% used [0x00000000d7e80000,0x00000000d7e80000,0x00000000d8380000)
 ParOldGen       total 87552K, used 0K [0x0000000081a00000, 0x0000000086f80000, 0x00000000d5e00000)
  object space 87552K, 0% used [0x0000000081a00000,0x0000000081a00000,0x0000000086f80000)
 Metaspace       used 774K, capacity 4480K, committed 4480K, reserved 1056768K
  class space    used 76K, capacity 384K, committed 384K, reserved 1048576K

Card table byte_map: [0x00000000125b0000,0x00000000129b0000] byte_map_base: 0x00000000121a3000

Marking Bits: (ParMarkBitMap*) 0x00000000531808c0
 Begin Bits: [0x0000000013460000, 0x00000000153f8000)
 End Bits:   [0x00000000153f8000, 0x0000000017390000)

Polling page: 0x00000000007f0000

CodeCache: size=245760Kb used=328Kb max_used=328Kb free=245431Kb
 bounds [0x00000000031f0000, 0x0000000003460000, 0x00000000121f0000]
 total_blobs=58 nmethods=0 adapters=38
 compilation: enabled

Compilation events (0 events):
No events

GC Heap History (0 events):
No events

Deoptimization events (0 events):
No events

Classes redefined (0 events):
No events

Internal exceptions (0 events):
No events

Events (10 events):
Event: 0.073 loading class java/lang/Short
Event: 0.073 loading class java/lang/Short done
Event: 0.073 loading class java/lang/Integer
Event: 0.074 loading class java/lang/Integer done
Event: 0.074 loading class java/lang/Long
Event: 0.074 loading class java/lang/Long done
Event: 0.076 loading class java/lang/NullPointerException
Event: 0.076 loading class java/lang/NullPointerException done
Event: 0.076 loading class java/lang/ArithmeticException
Event: 0.076 loading class java/lang/ArithmeticException done


Dynamic libraries:
0x00007ff7517b0000 - 0x00007ff7517e7000 	C:\Program Files\Java\jdk1.8.0_171\bin\java.exe
0x00007ffc99980000 - 0x00007ffc99b61000 	C:\WINDOWS\SYSTEM32\ntdll.dll
0x00007ffc99890000 - 0x00007ffc99941000 	C:\WINDOWS\System32\KERNEL32.DLL
0x00007ffc960a0000 - 0x00007ffc96313000 	C:\WINDOWS\System32\KERNELBASE.dll
0x00007ffc98b50000 - 0x00007ffc98bf1000 	C:\WINDOWS\System32\ADVAPI32.dll
0x00007ffc995f0000 - 0x00007ffc9968e000 	C:\WINDOWS\System32\msvcrt.dll
0x00007ffc99760000 - 0x00007ffc997bb000 	C:\WINDOWS\System32\sechost.dll
0x00007ffc99210000 - 0x00007ffc99334000 	C:\WINDOWS\System32\RPCRT4.dll
0x00007ffc993c0000 - 0x00007ffc99551000 	C:\WINDOWS\System32\USER32.dll
0x00007ffc96b30000 - 0x00007ffc96b50000 	C:\WINDOWS\System32\win32u.dll
0x00007ffc98940000 - 0x00007ffc98968000 	C:\WINDOWS\System32\GDI32.dll
0x00007ffc95e30000 - 0x00007ffc95fc1000 	C:\WINDOWS\System32\gdi32full.dll
0x00007ffc95d90000 - 0x00007ffc95e2f000 	C:\WINDOWS\System32\msvcp_win.dll
0x00007ffc96320000 - 0x00007ffc96418000 	C:\WINDOWS\System32\ucrtbase.dll
0x00007ffc89c20000 - 0x00007ffc89e89000 	C:\WINDOWS\WinSxS\amd64_microsoft.windows.common-controls_6595b64144ccf1df_6.0.17134.1184_none_d403e8b37c8ca406\COMCTL32.dll
0x00007ffc98d30000 - 0x00007ffc99051000 	C:\WINDOWS\System32\combase.dll
0x00007ffc95fd0000 - 0x00007ffc96049000 	C:\WINDOWS\System32\bcryptPrimitives.dll
0x00007ffc98c00000 - 0x00007ffc98c2d000 	C:\WINDOWS\System32\IMM32.DLL
0x0000000053200000 - 0x00000000532d2000 	C:\Program Files\Java\jdk1.8.0_171\jre\bin\msvcr100.dll
0x0000000052960000 - 0x0000000053200000 	C:\Program Files\Java\jdk1.8.0_171\jre\bin\server\jvm.dll
0x00007ffc98d20000 - 0x00007ffc98d28000 	C:\WINDOWS\System32\PSAPI.DLL
0x00007ffc8b160000 - 0x00007ffc8b16a000 	C:\WINDOWS\SYSTEM32\VERSION.dll
0x00007ffc8f7c0000 - 0x00007ffc8f7c9000 	C:\WINDOWS\SYSTEM32\WSOCK32.dll
0x00007ffc93a10000 - 0x00007ffc93a33000 	C:\WINDOWS\SYSTEM32\WINMM.dll
0x00007ffc99690000 - 0x00007ffc996fc000 	C:\WINDOWS\System32\WS2_32.dll
0x00007ffc936a0000 - 0x00007ffc936ca000 	C:\WINDOWS\SYSTEM32\winmmbase.dll
0x00007ffc96050000 - 0x00007ffc96099000 	C:\WINDOWS\System32\cfgmgr32.dll
0x0000000052950000 - 0x000000005295f000 	C:\Program Files\Java\jdk1.8.0_171\jre\bin\verify.dll
0x0000000052920000 - 0x0000000052949000 	C:\Program Files\Java\jdk1.8.0_171\jre\bin\java.dll
0x00000000528f0000 - 0x0000000052913000 	C:\Program Files\Java\jdk1.8.0_171\jre\bin\instrument.dll
0x00000000528d0000 - 0x00000000528e6000 	C:\Program Files\Java\jdk1.8.0_171\jre\bin\zip.dll

VM Arguments:
jvm_args: -javaagent:C:\Program Files\JetBrains\IntelliJ IDEA 2017.2\lib\idea_rt.jar=53267:C:\Program Files\JetBrains\IntelliJ IDEA 2017.2\bin -Dfile.encoding=UTF-8 
java_command: com.shiyanlou.mybatis.test.UserTest
java_class_path (initial): C:\Program Files\Java\jdk1.8.0_171\jre\lib\charsets.jar;C:\Program Files\Java\jdk1.8.0_171\jre\lib\deploy.jar;C:\Program Files\Java\jdk1.8.0_171\jre\lib\ext\access-bridge-64.jar;C:\Program Files\Java\jdk1.8.0_171\jre\lib\ext\cldrdata.jar;C:\Program Files\Java\jdk1.8.0_171\jre\lib\ext\dnsns.jar;C:\Program Files\Java\jdk1.8.0_171\jre\lib\ext\jaccess.jar;C:\Program Files\Java\jdk1.8.0_171\jre\lib\ext\jfxrt.jar;C:\Program Files\Java\jdk1.8.0_171\jre\lib\ext\localedata.jar;C:\Program Files\Java\jdk1.8.0_171\jre\lib\ext\nashorn.jar;C:\Program Files\Java\jdk1.8.0_171\jre\lib\ext\sunec.jar;C:\Program Files\Java\jdk1.8.0_171\jre\lib\ext\sunjce_provider.jar;C:\Program Files\Java\jdk1.8.0_171\jre\lib\ext\sunmscapi.jar;C:\Program Files\Java\jdk1.8.0_171\jre\lib\ext\sunpkcs11.jar;C:\Program Files\Java\jdk1.8.0_171\jre\lib\ext\zipfs.jar;C:\Program Files\Java\jdk1.8.0_171\jre\lib\javaws.jar;C:\Program Files\Java\jdk1.8.0_171\jre\lib\jce.jar;C:\Program Files\Java\jdk1.8.0_171\jre\lib\jfr.jar;C:\Program Files\Java\jdk1.8.0_171\jre\lib\jfxswt.jar;C:\Program Files\Java\jdk1.8.0_171\jre\lib\jsse.jar;C:\Program Files\Java\jdk1.8.0_171\jre\lib\management-agent.jar;C:\Program Files\Java\jdk1.8.0_171\jre\lib\plugin.jar;C:\Program Files\Java\jdk1.8.0_171\jre\lib\resources.jar;C:\Program Files\Java\jdk1.8.0_171\jre\lib\rt.jar;E:\project\MyBatisTest\target\classes;D:\chengxu\promaven\org\mybatis\mybatis\3.4.6\mybatis-3.4.6.jar;D:\chengxu\promaven\mysql\mysql-connector-java\8.0.11\mysql-connector-java-8.0.11.jar;D:\chengxu\promaven\com\google\protobuf\protobuf-java\2.6.0\protobuf-java-2.6.0.jar;D:\chengxu\promaven\log4j\log4j\1.2.17\log4j-1.2.17.jar;C:\Program Files\JetBrains\IntelliJ IDEA 2017.2\lib\idea_rt.jar
Launcher Type: SUN_STANDARD

Environment Variables:
JAVA_HOME=C:\Program Files\Java\jdk1.8.0_171
CLASSPATH=.;C:\Program Files (x86)\scala\bin;C:\Program Files (x86)\scala\lib\dt.jar;C:\Program Files (x86)\scala\lib\tools.jar;C:\Program Files\Java\jdk1.8.0_171\lib;C:\Program Files\Java\jdk1.8.0_171\lib\tools.jar;D:\chengxu\apache-jmeter-4.0\lib\ext\ApacheJMeter_core.jar;D:\chengxu\apache-jmeter-4.0\lib\jorphan.jar;D:\chengxu\apache-jmeter-4.0\lib/logkit-2.0.jar;
PATH=C:\Program Files (x86)\NetSarang\Xshell 6\;C:\Program Files (x86)\Common Files\Oracle\Java\javapath;C:\Program Files (x86)\Intel\iCLS Client\;C:\Program Files\Intel\iCLS Client\;C:\Windows\system32;C:\Windows;C:\Windows\System32\Wbem;C:\Windows\System32\WindowsPowerShell\v1.0\;C:\Program Files (x86)\Intel\Intel(R) Management Engine Components\DAL;C:\Program Files\Intel\Intel(R) Management Engine Components\DAL;C:\Program Files (x86)\Intel\Intel(R) Management Engine Components\IPT;C:\Program Files\Intel\Intel(R) Management Engine Components\IPT;C:\Program Files (x86)\NVIDIA Corporation\PhysX\Common;C:\WINDOWS\system32;C:\WINDOWS;C:\WINDOWS\System32\Wbem;C:\WINDOWS\System32\WindowsPowerShell\v1.0\;C:\Program Files\Java\jdk1.8.0_171\bin;C:\Program Files\Java\jdk1.8.0_171\jre\bin;C:\WINDOWS\System32\OpenSSH\;C:\Program Files\erl10.3\bin;D:\apache-maven-3.3.9\bin;D:\chengxu\nodejs;D:\chengxu\nodejs\node_modules;D:\chengxu\nodejs\node_global\node_modules\cnpm\bin;D:\chengxu\nodejs\node_global;D:\chengxu\Redis-x64-3.2.100;D:\apache-maven-3.3.9;D:\chengxu\gradle-5.5\bin;D:\chengxu\Git\cmd;C:\Program Files\erl8.2\bin;C:\Program Files\RabbitMQ Server\rabbitmq_server-3.6.6\sbin;C:\Program Files\RabbitMQ Server\rabbitmq_server-3.6.6\ebin;C:\Users\17270\AppData\Local\Microsoft\WindowsApps;C:\Program Files\MySQL\MySQL Server 8.0\bin
USERNAME=admin
OS=Windows_NT
PROCESSOR_IDENTIFIER=Intel64 Family 6 Model 158 Stepping 9, GenuineIntel



---------------  S Y S T E M  ---------------

OS: Windows 10.0 , 64 bit Build 17134 (10.0.17134.753)

CPU:total 8 (initial active 8) (4 cores per cpu, 2 threads per core) family 6 model 158 stepping 9, cmov, cx8, fxsr, mmx, sse, sse2, sse3, ssse3, sse4.1, sse4.2, popcnt, avx, avx2, aes, clmul, erms, 3dnowpref, lzcnt, ht, tsc, tscinvbit, bmi1, bmi2, adx

Memory: 4k page, physical 8278180k(2627168k free), swap 8802468k(1856k free)

vm_info: Java HotSpot(TM) 64-Bit Server VM (25.171-b11) for windows-amd64 JRE (1.8.0_171-b11), built on Mar 28 2018 16:06:12 by "java_re" with MS VC++ 10.0 (VS2010)

time: Wed Jan 01 22:01:40 2020
elapsed time: 0 seconds (0d 0h 0m 0s)

